<?xml version="1.0" encoding="UTF-8"?>
<!-- Generated by org.testng.reporters.JUnitReportReporter -->
<testsuite hostname="Delwaras-MBP" failures="0" tests="2" name="Com.FirstMavenProject.AnnotestNG" time="23.423" errors="0" timestamp="2022-11-22T22:11:25 EST" skipped="0">
  <testcase classname="Com.FirstMavenProject.AnnotestNG" name="test2" time="20.850"/>
  <system-out/>
  <testcase classname="Com.FirstMavenProject.AnnotestNG" name="test4" time="2.573"/>
  <system-out/>
</testsuite> <!-- Com.FirstMavenProject.AnnotestNG -->
