<?xml version="1.0" encoding="UTF-8"?>
<!-- Generated by org.testng.reporters.JUnitReportReporter -->
<testsuite hostname="Delwaras-MBP" failures="0" tests="1" name="Com.FirstMavenProject.FirstClassTestNG" time="30.023" errors="0" timestamp="2022-11-22T22:15:05 EST" skipped="0">
  <testcase classname="Com.FirstMavenProject.FirstClassTestNG" name="firstMethod" time="30.023"/>
  <system-out/>
</testsuite> <!-- Com.FirstMavenProject.FirstClassTestNG -->
